<?xml version="1.0" encoding="UTF-8"?>
<!-- Generated by org.testng.reporters.JUnitReportReporter -->
<testsuite hostname="RashiBadiya" failures="0" tests="1" name="com.ecommerce.tests.LogoutTest" time="2.838" errors="0" timestamp="2025-09-15T13:44:30 IST" skipped="0">
  <testcase classname="com.ecommerce.tests.LogoutTest" name="testLogoutFunctionality" time="2.838"/>
</testsuite> <!-- com.ecommerce.tests.LogoutTest -->
