<?xml version="1.0" encoding="UTF-8"?>
<!-- Generated by org.testng.reporters.JUnitReportReporter -->
<testsuite hostname="RashiBadiya" failures="0" tests="2" name="com.ecommerce.tests.LoginTest" time="7.072" errors="0" timestamp="2025-09-15T13:44:30 IST" skipped="0">
  <testcase classname="com.ecommerce.tests.LoginTest" name="testLoginFunctionality" time="3.020"/>
  <testcase classname="com.ecommerce.tests.LoginTest" name="testLoginWithInvalidCredentials" time="4.052"/>
</testsuite> <!-- com.ecommerce.tests.LoginTest -->
