<?xml version="1.0" encoding="UTF-8"?>
<!-- Generated by org.testng.reporters.JUnitReportReporter -->
<testsuite hostname="RashiBadiya" failures="0" tests="1" name="com.ecommerce.tests.FilterTest" time="2.822" errors="0" timestamp="2025-09-15T13:44:30 IST" skipped="0">
  <testcase classname="com.ecommerce.tests.FilterTest" name="testFilterByPriceAscending" time="2.822"/>
</testsuite> <!-- com.ecommerce.tests.FilterTest -->
